<?xml version="1.0" encoding="UTF-8"?>
<!-- Generated by org.testng.reporters.JUnitReportReporter -->
<testsuite skipped="0" hostname="SYS_1" name="com.testng.TestXmlParams" tests="1" failures="0" timestamp="10 Dec 2019 02:48:05 GMT" time="0.020" errors="0">
  <testcase name="testParams" time="0.020" classname="com.testng.TestXmlParams"/>
</testsuite> <!-- com.testng.TestXmlParams -->
