<?xml version="1.0" encoding="UTF-8"?>
<!-- Generated by org.testng.reporters.JUnitReportReporter -->
<testsuite skipped="0" hostname="SYS_1" name="com.testng.Tc_02" tests="1" failures="0" timestamp="07 Dec 2019 04:04:59 GMT" time="6.626" errors="0">
  <testcase name="login" time="6.626" classname="com.testng.Tc_02"/>
</testsuite> <!-- com.testng.Tc_02 -->
