<?xml version="1.0" encoding="UTF-8"?>
<!-- Generated by org.testng.reporters.JUnitReportReporter -->
<testsuite skipped="0" hostname="SYS_1" name="com.testng.Tc_01" tests="3" failures="0" timestamp="10 Dec 2019 02:53:48 GMT" time="0.027" errors="0">
  <testcase name="login" time="0.010" classname="com.testng.Tc_01"/>
  <testcase name="testCase2" time="0.010" classname="com.testng.Tc_01"/>
  <testcase name="testCase3" time="0.007" classname="com.testng.Tc_01"/>
</testsuite> <!-- com.testng.Tc_01 -->
