<?xml version="1.0" encoding="UTF-8"?>
<!-- Generated by org.testng.reporters.JUnitReportReporter -->
<testsuite skipped="0" hostname="SYS_1" name="com.testng.Tc_03" tests="2" failures="0" timestamp="10 Dec 2019 02:34:16 GMT" time="0.029" errors="0">
  <testcase name="testDataProvider" time="0.026" classname="com.testng.Tc_03"/>
  <testcase name="testDataProvider" time="0.003" classname="com.testng.Tc_03"/>
</testsuite> <!-- com.testng.Tc_03 -->
