<?xml version="1.0" encoding="UTF-8"?>
<!-- Generated by org.testng.reporters.JUnitReportReporter -->
<testsuite skipped="0" hostname="SYS_1" name="com.testng.Tc_02" tests="1" failures="0" timestamp="09 Dec 2019 02:25:00 GMT" time="8.484" errors="0">
  <testcase name="login" time="8.484" classname="com.testng.Tc_02"/>
</testsuite> <!-- com.testng.Tc_02 -->
